#! /c/Source/iverilog-install/bin/vvp
:ivl_version "12.0 (devel)" "(s20150603-1110-g18392a46)";
:ivl_delay_selection "TYPICAL";
:vpi_time_precision + 0;
:vpi_module "C:\iverilog\lib\ivl\system.vpi";
:vpi_module "C:\iverilog\lib\ivl\vhdl_sys.vpi";
:vpi_module "C:\iverilog\lib\ivl\vhdl_textio.vpi";
:vpi_module "C:\iverilog\lib\ivl\v2005_math.vpi";
:vpi_module "C:\iverilog\lib\ivl\va_math.vpi";
S_0000023fc014acc0 .scope module, "alu_tb" "alu_tb" 2 1;
 .timescale 0 0;
v0000023fc0052be0_0 .var "A", 7 0;
v0000023fc0052c80_0 .var "B", 7 0;
v0000023fc0052d20_0 .net "carry", 0 0, v0000023fc014d940_0;  1 drivers
v0000023fc0052dc0_0 .var "opcode", 2 0;
v0000023fc0052e60_0 .net "result", 7 0, v0000023fc0052aa0_0;  1 drivers
v0000023fc00d2850_0 .net "zero", 0 0, v0000023fc0052b40_0;  1 drivers
S_0000023fc014ae50 .scope module, "uut" "alu" 2 7, 3 1 0, S_0000023fc014acc0;
 .timescale 0 0;
    .port_info 0 /INPUT 8 "A";
    .port_info 1 /INPUT 8 "B";
    .port_info 2 /INPUT 3 "opcode";
    .port_info 3 /OUTPUT 8 "result";
    .port_info 4 /OUTPUT 1 "carry";
    .port_info 5 /OUTPUT 1 "zero";
v0000023fc00532c0_0 .net "A", 7 0, v0000023fc0052be0_0;  1 drivers
v0000023fc0085170_0 .net "B", 7 0, v0000023fc0052c80_0;  1 drivers
v0000023fc014d940_0 .var "carry", 0 0;
v0000023fc014a9d0_0 .net "opcode", 2 0, v0000023fc0052dc0_0;  1 drivers
v0000023fc0052aa0_0 .var "result", 7 0;
v0000023fc0052b40_0 .var "zero", 0 0;
E_0000023fc014a430 .event anyedge, v0000023fc014a9d0_0, v0000023fc00532c0_0, v0000023fc0085170_0, v0000023fc0052aa0_0;
    .scope S_0000023fc014ae50;
T_0 ;
    %wait E_0000023fc014a430;
    %pushi/vec4 0, 0, 1;
    %store/vec4 v0000023fc014d940_0, 0, 1;
    %load/vec4 v0000023fc014a9d0_0;
    %dup/vec4;
    %pushi/vec4 0, 0, 3;
    %cmp/u;
    %jmp/1 T_0.0, 6;
    %dup/vec4;
    %pushi/vec4 1, 0, 3;
    %cmp/u;
    %jmp/1 T_0.1, 6;
    %dup/vec4;
    %pushi/vec4 2, 0, 3;
    %cmp/u;
    %jmp/1 T_0.2, 6;
    %dup/vec4;
    %pushi/vec4 3, 0, 3;
    %cmp/u;
    %jmp/1 T_0.3, 6;
    %dup/vec4;
    %pushi/vec4 4, 0, 3;
    %cmp/u;
    %jmp/1 T_0.4, 6;
    %dup/vec4;
    %pushi/vec4 5, 0, 3;
    %cmp/u;
    %jmp/1 T_0.5, 6;
    %dup/vec4;
    %pushi/vec4 6, 0, 3;
    %cmp/u;
    %jmp/1 T_0.6, 6;
    %dup/vec4;
    %pushi/vec4 7, 0, 3;
    %cmp/u;
    %jmp/1 T_0.7, 6;
    %pushi/vec4 0, 0, 8;
    %store/vec4 v0000023fc0052aa0_0, 0, 8;
    %jmp T_0.9;
T_0.0 ;
    %load/vec4 v0000023fc00532c0_0;
    %pad/u 9;
    %load/vec4 v0000023fc0085170_0;
    %pad/u 9;
    %add;
    %split/vec4 8;
    %store/vec4 v0000023fc0052aa0_0, 0, 8;
    %store/vec4 v0000023fc014d940_0, 0, 1;
    %jmp T_0.9;
T_0.1 ;
    %load/vec4 v0000023fc00532c0_0;
    %pad/u 9;
    %load/vec4 v0000023fc0085170_0;
    %pad/u 9;
    %sub;
    %split/vec4 8;
    %store/vec4 v0000023fc0052aa0_0, 0, 8;
    %store/vec4 v0000023fc014d940_0, 0, 1;
    %jmp T_0.9;
T_0.2 ;
    %load/vec4 v0000023fc00532c0_0;
    %load/vec4 v0000023fc0085170_0;
    %and;
    %store/vec4 v0000023fc0052aa0_0, 0, 8;
    %jmp T_0.9;
T_0.3 ;
    %load/vec4 v0000023fc00532c0_0;
    %load/vec4 v0000023fc0085170_0;
    %or;
    %store/vec4 v0000023fc0052aa0_0, 0, 8;
    %jmp T_0.9;
T_0.4 ;
    %load/vec4 v0000023fc00532c0_0;
    %load/vec4 v0000023fc0085170_0;
    %xor;
    %store/vec4 v0000023fc0052aa0_0, 0, 8;
    %jmp T_0.9;
T_0.5 ;
    %load/vec4 v0000023fc00532c0_0;
    %inv;
    %store/vec4 v0000023fc0052aa0_0, 0, 8;
    %jmp T_0.9;
T_0.6 ;
    %load/vec4 v0000023fc00532c0_0;
    %ix/load 4, 1, 0;
    %flag_set/imm 4, 0;
    %shiftl 4;
    %store/vec4 v0000023fc0052aa0_0, 0, 8;
    %jmp T_0.9;
T_0.7 ;
    %load/vec4 v0000023fc00532c0_0;
    %ix/load 4, 1, 0;
    %flag_set/imm 4, 0;
    %shiftr 4;
    %store/vec4 v0000023fc0052aa0_0, 0, 8;
    %jmp T_0.9;
T_0.9 ;
    %pop/vec4 1;
    %load/vec4 v0000023fc0052aa0_0;
    %pad/u 32;
    %pushi/vec4 0, 0, 32;
    %cmp/e;
    %flag_get/vec4 4;
    %store/vec4 v0000023fc0052b40_0, 0, 1;
    %jmp T_0;
    .thread T_0, $push;
    .scope S_0000023fc014acc0;
T_1 ;
    %vpi_call 2 17 "$dumpfile", "alu.vcd" {0 0 0};
    %vpi_call 2 18 "$dumpvars", 32'sb00000000000000000000000000000000, S_0000023fc014acc0 {0 0 0};
    %pushi/vec4 10, 0, 8;
    %store/vec4 v0000023fc0052be0_0, 0, 8;
    %pushi/vec4 5, 0, 8;
    %store/vec4 v0000023fc0052c80_0, 0, 8;
    %pushi/vec4 0, 0, 3;
    %store/vec4 v0000023fc0052dc0_0, 0, 3;
    %delay 10, 0;
    %pushi/vec4 1, 0, 3;
    %store/vec4 v0000023fc0052dc0_0, 0, 3;
    %delay 10, 0;
    %pushi/vec4 2, 0, 3;
    %store/vec4 v0000023fc0052dc0_0, 0, 3;
    %delay 10, 0;
    %pushi/vec4 3, 0, 3;
    %store/vec4 v0000023fc0052dc0_0, 0, 3;
    %delay 10, 0;
    %pushi/vec4 4, 0, 3;
    %store/vec4 v0000023fc0052dc0_0, 0, 3;
    %delay 10, 0;
    %pushi/vec4 5, 0, 3;
    %store/vec4 v0000023fc0052dc0_0, 0, 3;
    %delay 10, 0;
    %pushi/vec4 6, 0, 3;
    %store/vec4 v0000023fc0052dc0_0, 0, 3;
    %delay 10, 0;
    %pushi/vec4 7, 0, 3;
    %store/vec4 v0000023fc0052dc0_0, 0, 3;
    %delay 10, 0;
    %vpi_call 2 29 "$finish" {0 0 0};
    %end;
    .thread T_1;
# The file index is used to find the file name in the following table.
:file_names 4;
    "N/A";
    "<interactive>";
    "ALU_tb.v";
    "ALU.v";
